Flow report for Final_Project
Mon Dec 07 16:17:29 2015
Quartus II 64-Bit Version 15.0.0 Build 145 04/22/2015 SJ Web Edition


---------------------
; Table of Contents ;
---------------------
  1. Legal Notice
  2. Flow Summary
  3. Flow Settings
  4. Flow Non-Default Global Settings
  5. Flow Elapsed Time
  6. Flow OS Summary
  7. Flow Log
  8. Flow Messages
  9. Flow Suppressed Messages



----------------
; Legal Notice ;
----------------
Copyright (C) 1991-2015 Altera Corporation. All rights reserved.
Your use of Altera Corporation's design tools, logic functions 
and other software and tools, and its AMPP partner logic 
functions, and any output files from any of the foregoing 
(including device programming or simulation files), and any 
associated documentation or information are expressly subject 
to the terms and conditions of the Altera Program License 
Subscription Agreement, the Altera Quartus II License Agreement,
the Altera MegaCore Function License Agreement, or other 
applicable license agreement, including, without limitation, 
that your use is for the sole purpose of programming logic 
devices manufactured by Altera and sold by Altera or its 
authorized distributors.  Please refer to the applicable 
agreement for further details.



+---------------------------------------------------------------------------------+
; Flow Summary                                                                    ;
+------------------------------------+--------------------------------------------+
; Flow Status                        ; Successful - Mon Dec 07 16:17:29 2015      ;
; Quartus II 64-Bit Version          ; 15.0.0 Build 145 04/22/2015 SJ Web Edition ;
; Revision Name                      ; Final_Project                              ;
; Top-level Entity Name              ; Final_Project                              ;
; Family                             ; Cyclone IV E                               ;
; Device                             ; EP4CE115F29C7                              ;
; Timing Models                      ; Final                                      ;
; Total logic elements               ; 4,340 / 114,480 ( 4 % )                    ;
;     Total combinational functions  ; 4,023 / 114,480 ( 4 % )                    ;
;     Dedicated logic registers      ; 1,670 / 114,480 ( 1 % )                    ;
; Total registers                    ; 1785                                       ;
; Total pins                         ; 197 / 529 ( 37 % )                         ;
; Total virtual pins                 ; 0                                          ;
; Total memory bits                  ; 2,835,840 / 3,981,312 ( 71 % )             ;
; Embedded Multiplier 9-bit elements ; 2 / 532 ( < 1 % )                          ;
; Total PLLs                         ; 1 / 4 ( 25 % )                             ;
+------------------------------------+--------------------------------------------+


+-----------------------------------------+
; Flow Settings                           ;
+-------------------+---------------------+
; Option            ; Setting             ;
+-------------------+---------------------+
; Start date & time ; 12/07/2015 16:15:14 ;
; Main task         ; Compilation         ;
; Revision Name     ; Final_Project       ;
+-------------------+---------------------+


+---------------------------------------------------------------------------------------------------------------------------------------------------------+
; Flow Non-Default Global Settings                                                                                                                        ;
+--------------------------------------+---------------------------------------------------------------+---------------+-----------------+----------------+
; Assignment Name                      ; Value                                                         ; Default Value ; Entity Name     ; Section Id     ;
+--------------------------------------+---------------------------------------------------------------+---------------+-----------------+----------------+
; COMPILER_SIGNATURE_ID                ; 101504296114491.144952651300912                               ; --            ; --              ; --             ;
; EDA_DESIGN_INSTANCE_NAME             ; NA                                                            ; --            ; --              ; testbench      ;
; EDA_NATIVELINK_SIMULATION_TEST_BENCH ; testbench                                                     ; --            ; --              ; eda_simulation ;
; EDA_OUTPUT_DATA_FORMAT               ; Systemverilog Hdl                                             ; --            ; --              ; eda_simulation ;
; EDA_SIMULATION_TOOL                  ; ModelSim-Altera (SystemVerilog)                               ; <None>        ; --              ; --             ;
; EDA_TEST_BENCH_ENABLE_STATUS         ; TEST_BENCH_MODE                                               ; --            ; --              ; eda_simulation ;
; EDA_TEST_BENCH_FILE                  ; testbench.sv                                                  ; --            ; --              ; testbench      ;
; EDA_TEST_BENCH_MODULE_NAME           ; testbench                                                     ; --            ; --              ; testbench      ;
; EDA_TEST_BENCH_NAME                  ; testbench                                                     ; --            ; --              ; eda_simulation ;
; EDA_TEST_BENCH_RUN_SIM_FOR           ; 1000 ns                                                       ; --            ; --              ; testbench      ;
; EDA_TIME_SCALE                       ; 1 ps                                                          ; --            ; --              ; eda_simulation ;
; ENABLE_SIGNALTAP                     ; On                                                            ; --            ; --              ; --             ;
; MAX_CORE_JUNCTION_TEMP               ; 85                                                            ; --            ; --              ; --             ;
; MIN_CORE_JUNCTION_TEMP               ; 0                                                             ; --            ; --              ; --             ;
; MISC_FILE                            ; FIFO_bb.v                                                     ; --            ; --              ; --             ;
; MISC_FILE                            ; nios_system/synthesis/../nios_system.cmp                      ; --            ; --              ; --             ;
; MISC_FILE                            ; nios_system/synthesis/../../nios_system.qsys                  ; --            ; --              ; --             ;
; OUTPUT_IO_TIMING_FAR_END_VMEAS       ; Half Signal Swing                                             ; --            ; --              ; --             ;
; OUTPUT_IO_TIMING_FAR_END_VMEAS       ; Half Signal Swing                                             ; --            ; --              ; --             ;
; OUTPUT_IO_TIMING_NEAR_END_VMEAS      ; Half Vccio                                                    ; --            ; --              ; --             ;
; OUTPUT_IO_TIMING_NEAR_END_VMEAS      ; Half Vccio                                                    ; --            ; --              ; --             ;
; PARTITION_COLOR                      ; 16764057                                                      ; --            ; DE2_115_Default ; Top            ;
; PARTITION_COLOR                      ; 16764057                                                      ; --            ; --              ; Top            ;
; PARTITION_FITTER_PRESERVATION_LEVEL  ; PLACEMENT_AND_ROUTING                                         ; --            ; DE2_115_Default ; Top            ;
; PARTITION_FITTER_PRESERVATION_LEVEL  ; PLACEMENT_AND_ROUTING                                         ; --            ; --              ; Top            ;
; PARTITION_NETLIST_TYPE               ; SOURCE                                                        ; --            ; DE2_115_Default ; Top            ;
; PARTITION_NETLIST_TYPE               ; SOURCE                                                        ; --            ; --              ; Top            ;
; POWER_BOARD_THERMAL_MODEL            ; None (CONSERVATIVE)                                           ; --            ; --              ; --             ;
; POWER_PRESET_COOLING_SOLUTION        ; 23 MM HEAT SINK WITH 200 LFPM AIRFLOW                         ; --            ; --              ; --             ;
; PROJECT_OUTPUT_DIRECTORY             ; output_files                                                  ; --            ; --              ; --             ;
; SLD_FILE                             ; nios_system/synthesis/nios_system.regmap                      ; --            ; --              ; --             ;
; SLD_FILE                             ; nios_system/synthesis/nios_system.debuginfo                   ; --            ; --              ; --             ;
; SLD_FILE                             ; db/signal_tap_auto_stripped.stp                               ; --            ; --              ; --             ;
; SLD_INFO                             ; QSYS_NAME nios_system HAS_SOPCINFO 1 GENERATION_ID 1449437626 ; --            ; nios_system     ; --             ;
; SOPCINFO_FILE                        ; nios_system/synthesis/../../nios_system.sopcinfo              ; --            ; --              ; --             ;
; SYNTHESIS_ONLY_QIP                   ; On                                                            ; --            ; --              ; --             ;
; USE_SIGNALTAP_FILE                   ; signal_tap.stp                                                ; --            ; --              ; --             ;
+--------------------------------------+---------------------------------------------------------------+---------------+-----------------+----------------+


+-------------------------------------------------------------------------------------------------------------------------------+
; Flow Elapsed Time                                                                                                             ;
+---------------------------+--------------+-------------------------+---------------------+------------------------------------+
; Module Name               ; Elapsed Time ; Average Processors Used ; Peak Virtual Memory ; Total CPU Time (on all processors) ;
+---------------------------+--------------+-------------------------+---------------------+------------------------------------+
; Analysis & Synthesis      ; 00:00:47     ; 1.0                     ; 908 MB              ; 00:01:10                           ;
; Fitter                    ; 00:00:49     ; 1.7                     ; 1772 MB             ; 00:01:14                           ;
; Assembler                 ; 00:00:06     ; 1.0                     ; 682 MB              ; 00:00:06                           ;
; TimeQuest Timing Analyzer ; 00:00:10     ; 1.2                     ; 945 MB              ; 00:00:11                           ;
; EDA Netlist Writer        ; 00:00:08     ; 1.0                     ; 705 MB              ; 00:00:07                           ;
; Total                     ; 00:02:00     ; --                      ; --                  ; 00:02:48                           ;
+---------------------------+--------------+-------------------------+---------------------+------------------------------------+


+----------------------------------------------------------------------------------------+
; Flow OS Summary                                                                        ;
+---------------------------+------------------+-----------+------------+----------------+
; Module Name               ; Machine Hostname ; OS Name   ; OS Version ; Processor type ;
+---------------------------+------------------+-----------+------------+----------------+
; Analysis & Synthesis      ; Orbit            ; Windows 7 ; 6.2        ; x86_64         ;
; Fitter                    ; Orbit            ; Windows 7 ; 6.2        ; x86_64         ;
; Assembler                 ; Orbit            ; Windows 7 ; 6.2        ; x86_64         ;
; TimeQuest Timing Analyzer ; Orbit            ; Windows 7 ; 6.2        ; x86_64         ;
; EDA Netlist Writer        ; Orbit            ; Windows 7 ; 6.2        ; x86_64         ;
+---------------------------+------------------+-----------+------------+----------------+


------------
; Flow Log ;
------------
quartus_map --read_settings_files=on --write_settings_files=off Final_Project -c Final_Project
quartus_fit --read_settings_files=off --write_settings_files=off Final_Project -c Final_Project
quartus_asm --read_settings_files=off --write_settings_files=off Final_Project -c Final_Project
quartus_sta Final_Project -c Final_Project
quartus_eda --read_settings_files=off --write_settings_files=off Final_Project -c Final_Project



